2025.04.01 01:39:00 INFO  Started: Metals version 1.5.2 in folders '/home/kampfer/Desktop/Data-Cleaning-and-Transformation-Pipeline' for client Visual Studio Code 1.98.2.[0m
2025.04.01 01:39:00 INFO  no build target found for /home/kampfer/Desktop/Data-Cleaning-and-Transformation-Pipeline/data-cleaning-and-transformation-pipeline/build.sbt. Using presentation compiler with project's scala-library version: 3.3.5[0m
2025.04.01 01:39:01 INFO  no build target found for /home/kampfer/Desktop/Data-Cleaning-and-Transformation-Pipeline/data-cleaning-and-transformation-pipeline/build.sbt. Using presentation compiler with project's scala-library version: 3.3.5[0m
2025.04.01 01:39:36 INFO  no build target found for /home/kampfer/Desktop/Data-Cleaning-and-Transformation-Pipeline/data-cleaning-and-transformation-pipeline/build.sbt. Using presentation compiler with project's scala-library version: 3.3.5[0m
2025.04.01 01:40:10 INFO  no build target found for /home/kampfer/Desktop/Data-Cleaning-and-Transformation-Pipeline/data-cleaning-and-transformation-pipeline/build.sbt. Using presentation compiler with project's scala-library version: 3.3.5[0m
2025.04.01 01:40:11 INFO  no build target found for /home/kampfer/Desktop/Data-Cleaning-and-Transformation-Pipeline/data-cleaning-and-transformation-pipeline/build.sbt. Using presentation compiler with project's scala-library version: 3.3.5[0m
2025.04.01 01:40:11 WARN  no build target for: /home/kampfer/Desktop/Data-Cleaning-and-Transformation-Pipeline/data-cleaning-and-transformation-pipeline/build.sbt[0m
2025.04.01 01:40:11 INFO  no build target found for /home/kampfer/Desktop/Data-Cleaning-and-Transformation-Pipeline/data-cleaning-and-transformation-pipeline/build.sbt. Using presentation compiler with project's scala-library version: 3.3.5[0m
2025.04.01 01:40:23 INFO  no build target found for /home/kampfer/Desktop/Data-Cleaning-and-Transformation-Pipeline/data-cleaning-and-transformation-pipeline/build.sbt. Using presentation compiler with project's scala-library version: 3.3.5[0m
2025.04.01 01:40:23 INFO  no build target found for /home/kampfer/Desktop/Data-Cleaning-and-Transformation-Pipeline/data-cleaning-and-transformation-pipeline/build.sbt. Using presentation compiler with project's scala-library version: 3.3.5[0m
2025.04.01 01:40:23 INFO  no build target found for /home/kampfer/Desktop/Data-Cleaning-and-Transformation-Pipeline/data-cleaning-and-transformation-pipeline/build.sbt. Using presentation compiler with project's scala-library version: 3.3.5[0m
2025.04.01 01:40:23 INFO  no build target found for /home/kampfer/Desktop/Data-Cleaning-and-Transformation-Pipeline/data-cleaning-and-transformation-pipeline/build.sbt. Using presentation compiler with project's scala-library version: 3.3.5[0m
2025.04.01 01:40:24 WARN  no build target for: /home/kampfer/Desktop/Data-Cleaning-and-Transformation-Pipeline/data-cleaning-and-transformation-pipeline/build.sbt[0m
2025.04.01 01:40:24 INFO  no build target found for /home/kampfer/Desktop/Data-Cleaning-and-Transformation-Pipeline/data-cleaning-and-transformation-pipeline/build.sbt. Using presentation compiler with project's scala-library version: 3.3.5[0m
2025.04.01 01:40:24 INFO  no build target found for /home/kampfer/Desktop/Data-Cleaning-and-Transformation-Pipeline/data-cleaning-and-transformation-pipeline/build.sbt. Using presentation compiler with project's scala-library version: 3.3.5[0m
2025.04.01 01:40:44 INFO  no build target found for /home/kampfer/Desktop/Data-Cleaning-and-Transformation-Pipeline/data-cleaning-and-transformation-pipeline/build.sbt. Using presentation compiler with project's scala-library version: 3.3.5[0m
2025.04.01 01:40:44 INFO  no build target found for /home/kampfer/Desktop/Data-Cleaning-and-Transformation-Pipeline/data-cleaning-and-transformation-pipeline/build.sbt. Using presentation compiler with project's scala-library version: 3.3.5[0m
2025.04.01 01:40:45 INFO  no build target found for /home/kampfer/Desktop/Data-Cleaning-and-Transformation-Pipeline/data-cleaning-and-transformation-pipeline/build.sbt. Using presentation compiler with project's scala-library version: 3.3.5[0m
2025.04.01 01:40:46 WARN  no build target for: /home/kampfer/Desktop/Data-Cleaning-and-Transformation-Pipeline/data-cleaning-and-transformation-pipeline/build.sbt[0m
2025.04.01 01:40:46 INFO  no build target found for /home/kampfer/Desktop/Data-Cleaning-and-Transformation-Pipeline/data-cleaning-and-transformation-pipeline/build.sbt. Using presentation compiler with project's scala-library version: 3.3.5[0m
2025.04.01 01:40:46 INFO  no build target found for /home/kampfer/Desktop/Data-Cleaning-and-Transformation-Pipeline/data-cleaning-and-transformation-pipeline/build.sbt. Using presentation compiler with project's scala-library version: 3.3.5[0m
2025.04.01 01:40:46 INFO  no build target found for /home/kampfer/Desktop/Data-Cleaning-and-Transformation-Pipeline/data-cleaning-and-transformation-pipeline/build.sbt. Using presentation compiler with project's scala-library version: 3.3.5[0m
2025.04.01 01:40:49 INFO  no build target found for /home/kampfer/Desktop/Data-Cleaning-and-Transformation-Pipeline/data-cleaning-and-transformation-pipeline/build.sbt. Using presentation compiler with project's scala-library version: 3.3.5[0m
2025.04.01 01:40:49 INFO  no build target found for /home/kampfer/Desktop/Data-Cleaning-and-Transformation-Pipeline/data-cleaning-and-transformation-pipeline/build.sbt. Using presentation compiler with project's scala-library version: 3.3.5[0m
2025.04.01 01:40:50 INFO  no build target found for /home/kampfer/Desktop/Data-Cleaning-and-Transformation-Pipeline/data-cleaning-and-transformation-pipeline/build.sbt. Using presentation compiler with project's scala-library version: 3.3.5[0m
2025.04.01 01:40:49 INFO  no build target found for /home/kampfer/Desktop/Data-Cleaning-and-Transformation-Pipeline/data-cleaning-and-transformation-pipeline/build.sbt. Using presentation compiler with project's scala-library version: 3.3.5[0m
2025.04.01 01:40:50 INFO  no build target found for /home/kampfer/Desktop/Data-Cleaning-and-Transformation-Pipeline/data-cleaning-and-transformation-pipeline/build.sbt. Using presentation compiler with project's scala-library version: 3.3.5[0m
2025.04.01 01:40:51 INFO  no build target found for /home/kampfer/Desktop/Data-Cleaning-and-Transformation-Pipeline/data-cleaning-and-transformation-pipeline/build.sbt. Using presentation compiler with project's scala-library version: 3.3.5[0m
2025.04.01 01:40:50 INFO  no build target found for /home/kampfer/Desktop/Data-Cleaning-and-Transformation-Pipeline/data-cleaning-and-transformation-pipeline/build.sbt. Using presentation compiler with project's scala-library version: 3.3.5[0m
2025.04.01 01:40:51 INFO  no build target found for /home/kampfer/Desktop/Data-Cleaning-and-Transformation-Pipeline/data-cleaning-and-transformation-pipeline/build.sbt. Using presentation compiler with project's scala-library version: 3.3.5[0m
2025.04.01 01:40:52 INFO  no build target found for /home/kampfer/Desktop/Data-Cleaning-and-Transformation-Pipeline/data-cleaning-and-transformation-pipeline/build.sbt. Using presentation compiler with project's scala-library version: 3.3.5[0m
2025.04.01 01:40:52 WARN  no build target for: /home/kampfer/Desktop/Data-Cleaning-and-Transformation-Pipeline/data-cleaning-and-transformation-pipeline/build.sbt[0m
2025.04.01 01:40:52 INFO  no build target found for /home/kampfer/Desktop/Data-Cleaning-and-Transformation-Pipeline/data-cleaning-and-transformation-pipeline/build.sbt. Using presentation compiler with project's scala-library version: 3.3.5[0m
2025.04.01 01:40:52 INFO  no build target found for /home/kampfer/Desktop/Data-Cleaning-and-Transformation-Pipeline/data-cleaning-and-transformation-pipeline/build.sbt. Using presentation compiler with project's scala-library version: 3.3.5[0m
2025.04.01 01:40:53 INFO  no build target found for /home/kampfer/Desktop/Data-Cleaning-and-Transformation-Pipeline/data-cleaning-and-transformation-pipeline/build.sbt. Using presentation compiler with project's scala-library version: 3.3.5[0m
2025.04.01 01:40:53 INFO  no build target found for /home/kampfer/Desktop/Data-Cleaning-and-Transformation-Pipeline/data-cleaning-and-transformation-pipeline/build.sbt. Using presentation compiler with project's scala-library version: 3.3.5[0m
2025.04.01 01:40:54 WARN  no build target for: /home/kampfer/Desktop/Data-Cleaning-and-Transformation-Pipeline/data-cleaning-and-transformation-pipeline/build.sbt[0m
2025.04.01 01:40:54 INFO  no build target found for /home/kampfer/Desktop/Data-Cleaning-and-Transformation-Pipeline/data-cleaning-and-transformation-pipeline/build.sbt. Using presentation compiler with project's scala-library version: 3.3.5[0m
2025.04.01 01:40:54 INFO  no build target found for /home/kampfer/Desktop/Data-Cleaning-and-Transformation-Pipeline/data-cleaning-and-transformation-pipeline/build.sbt. Using presentation compiler with project's scala-library version: 3.3.5[0m
2025.04.01 01:40:54 INFO  no build target found for /home/kampfer/Desktop/Data-Cleaning-and-Transformation-Pipeline/data-cleaning-and-transformation-pipeline/build.sbt. Using presentation compiler with project's scala-library version: 3.3.5[0m
2025.04.01 01:40:54 INFO  no build target found for /home/kampfer/Desktop/Data-Cleaning-and-Transformation-Pipeline/data-cleaning-and-transformation-pipeline/build.sbt. Using presentation compiler with project's scala-library version: 3.3.5[0m
2025.04.01 01:40:55 INFO  no build target found for /home/kampfer/Desktop/Data-Cleaning-and-Transformation-Pipeline/data-cleaning-and-transformation-pipeline/build.sbt. Using presentation compiler with project's scala-library version: 3.3.5[0m
2025.04.01 01:40:55 WARN  no build target for: /home/kampfer/Desktop/Data-Cleaning-and-Transformation-Pipeline/data-cleaning-and-transformation-pipeline/build.sbt[0m
2025.04.01 01:40:55 INFO  no build target found for /home/kampfer/Desktop/Data-Cleaning-and-Transformation-Pipeline/data-cleaning-and-transformation-pipeline/build.sbt. Using presentation compiler with project's scala-library version: 3.3.5[0m
2025.04.01 01:40:55 INFO  no build target found for /home/kampfer/Desktop/Data-Cleaning-and-Transformation-Pipeline/data-cleaning-and-transformation-pipeline/build.sbt. Using presentation compiler with project's scala-library version: 3.3.5[0m
2025.04.01 01:40:55 INFO  no build target found for /home/kampfer/Desktop/Data-Cleaning-and-Transformation-Pipeline/data-cleaning-and-transformation-pipeline/build.sbt. Using presentation compiler with project's scala-library version: 3.3.5[0m
2025.04.01 01:40:55 INFO  no build target found for /home/kampfer/Desktop/Data-Cleaning-and-Transformation-Pipeline/data-cleaning-and-transformation-pipeline/build.sbt. Using presentation compiler with project's scala-library version: 3.3.5[0m
2025.04.01 01:40:55 INFO  no build target found for /home/kampfer/Desktop/Data-Cleaning-and-Transformation-Pipeline/data-cleaning-and-transformation-pipeline/build.sbt. Using presentation compiler with project's scala-library version: 3.3.5[0m
2025.04.01 01:40:56 INFO  no build target found for /home/kampfer/Desktop/Data-Cleaning-and-Transformation-Pipeline/data-cleaning-and-transformation-pipeline/build.sbt. Using presentation compiler with project's scala-library version: 3.3.5[0m
2025.04.01 01:40:56 INFO  no build target found for /home/kampfer/Desktop/Data-Cleaning-and-Transformation-Pipeline/data-cleaning-and-transformation-pipeline/build.sbt. Using presentation compiler with project's scala-library version: 3.3.5[0m
2025.04.01 01:40:56 INFO  no build target found for /home/kampfer/Desktop/Data-Cleaning-and-Transformation-Pipeline/data-cleaning-and-transformation-pipeline/build.sbt. Using presentation compiler with project's scala-library version: 3.3.5[0m
2025.04.01 01:40:56 INFO  no build target found for /home/kampfer/Desktop/Data-Cleaning-and-Transformation-Pipeline/data-cleaning-and-transformation-pipeline/build.sbt. Using presentation compiler with project's scala-library version: 3.3.5[0m
2025.04.01 01:40:57 WARN  no build target for: /home/kampfer/Desktop/Data-Cleaning-and-Transformation-Pipeline/data-cleaning-and-transformation-pipeline/build.sbt[0m
2025.04.01 01:40:57 INFO  no build target found for /home/kampfer/Desktop/Data-Cleaning-and-Transformation-Pipeline/data-cleaning-and-transformation-pipeline/build.sbt. Using presentation compiler with project's scala-library version: 3.3.5[0m
2025.04.01 01:41:21 INFO  no build target found for /home/kampfer/Desktop/Data-Cleaning-and-Transformation-Pipeline/data-cleaning-and-transformation-pipeline/build.sbt. Using presentation compiler with project's scala-library version: 3.3.5[0m
2025.04.01 01:41:21 INFO  no build target found for /home/kampfer/Desktop/Data-Cleaning-and-Transformation-Pipeline/data-cleaning-and-transformation-pipeline/build.sbt. Using presentation compiler with project's scala-library version: 3.3.5[0m
2025.04.01 01:41:23 INFO  no build target found for /home/kampfer/Desktop/Data-Cleaning-and-Transformation-Pipeline/data-cleaning-and-transformation-pipeline/build.sbt. Using presentation compiler with project's scala-library version: 3.3.5[0m
2025.04.01 01:41:23 INFO  no build target found for /home/kampfer/Desktop/Data-Cleaning-and-Transformation-Pipeline/data-cleaning-and-transformation-pipeline/build.sbt. Using presentation compiler with project's scala-library version: 3.3.5[0m
2025.04.01 01:41:24 INFO  no build target found for /home/kampfer/Desktop/Data-Cleaning-and-Transformation-Pipeline/data-cleaning-and-transformation-pipeline/build.sbt. Using presentation compiler with project's scala-library version: 3.3.5[0m
2025.04.01 01:41:24 WARN  no build target for: /home/kampfer/Desktop/Data-Cleaning-and-Transformation-Pipeline/data-cleaning-and-transformation-pipeline/build.sbt[0m
2025.04.01 01:41:23 INFO  no build target found for /home/kampfer/Desktop/Data-Cleaning-and-Transformation-Pipeline/data-cleaning-and-transformation-pipeline/build.sbt. Using presentation compiler with project's scala-library version: 3.3.5[0m
2025.04.01 01:41:24 INFO  no build target found for /home/kampfer/Desktop/Data-Cleaning-and-Transformation-Pipeline/data-cleaning-and-transformation-pipeline/build.sbt. Using presentation compiler with project's scala-library version: 3.3.5[0m
2025.04.01 01:41:34 INFO  no build target found for /home/kampfer/Desktop/Data-Cleaning-and-Transformation-Pipeline/data-cleaning-and-transformation-pipeline/build.sbt. Using presentation compiler with project's scala-library version: 3.3.5[0m
2025.04.01 01:41:45 INFO  no build target found for /home/kampfer/Desktop/Data-Cleaning-and-Transformation-Pipeline/data-cleaning-and-transformation-pipeline/build.sbt. Using presentation compiler with project's scala-library version: 3.3.5[0m
2025.04.01 01:41:56 INFO  no build target found for /home/kampfer/Desktop/Data-Cleaning-and-Transformation-Pipeline/data-cleaning-and-transformation-pipeline/build.sbt. Using presentation compiler with project's scala-library version: 3.3.5[0m
2025.04.01 01:41:58 INFO  no build target found for /home/kampfer/Desktop/Data-Cleaning-and-Transformation-Pipeline/data-cleaning-and-transformation-pipeline/src/main/scala/example/DataCleaning.scala. Using presentation compiler with project's scala-library version: 3.3.5[0m
2025.04.01 01:41:58 WARN  Could not find semantic tokens for: file:///home/kampfer/Desktop/Data-Cleaning-and-Transformation-Pipeline/data-cleaning-and-transformation-pipeline/src/main/scala/example/DataCleaning.scala[0m
2025.04.01 01:42:06 INFO  no build target found for /home/kampfer/Desktop/Data-Cleaning-and-Transformation-Pipeline/data-cleaning-and-transformation-pipeline/src/main/scala/example/DataCleaning.scala. Using presentation compiler with project's scala-library version: 3.3.5[0m
2025.04.01 01:42:06 INFO  no build target found for /home/kampfer/Desktop/Data-Cleaning-and-Transformation-Pipeline/data-cleaning-and-transformation-pipeline/src/main/scala/example/DataCleaning.scala. Using presentation compiler with project's scala-library version: 3.3.5[0m
2025.04.01 01:42:07 WARN  no build target for: /home/kampfer/Desktop/Data-Cleaning-and-Transformation-Pipeline/data-cleaning-and-transformation-pipeline/src/main/scala/example/DataCleaning.scala[0m
2025.04.01 01:42:06 INFO  no build target found for /home/kampfer/Desktop/Data-Cleaning-and-Transformation-Pipeline/data-cleaning-and-transformation-pipeline/src/main/scala/example/DataCleaning.scala. Using presentation compiler with project's scala-library version: 3.3.5[0m
2025.04.01 01:42:07 INFO  no build target found for /home/kampfer/Desktop/Data-Cleaning-and-Transformation-Pipeline/data-cleaning-and-transformation-pipeline/src/main/scala/example/DataCleaning.scala. Using presentation compiler with project's scala-library version: 3.3.5[0m
2025.04.01 01:42:07 WARN  no build target for: /home/kampfer/Desktop/Data-Cleaning-and-Transformation-Pipeline/data-cleaning-and-transformation-pipeline/src/main/scala/example/DataCleaning.scala[0m
2025.04.01 01:42:06 INFO  no build target found for /home/kampfer/Desktop/Data-Cleaning-and-Transformation-Pipeline/data-cleaning-and-transformation-pipeline/src/main/scala/example/DataCleaning.scala. Using presentation compiler with project's scala-library version: 3.3.5[0m
2025.04.01 01:46:42 INFO  no build target found for /home/kampfer/Desktop/Data-Cleaning-and-Transformation-Pipeline/data-cleaning-and-transformation-pipeline/src/main/scala/example/Hello.scala. Using presentation compiler with project's scala-library version: 3.3.5[0m
2025.04.01 01:46:42 INFO  no build target found for /home/kampfer/Desktop/Data-Cleaning-and-Transformation-Pipeline/data-cleaning-and-transformation-pipeline/src/main/scala/example/Hello.scala. Using presentation compiler with project's scala-library version: 3.3.5[0m
2025.04.01 01:46:52 WARN  no build target for: /home/kampfer/Desktop/Data-Cleaning-and-Transformation-Pipeline/data-cleaning-and-transformation-pipeline/src/main/scala/example/DataCleaning.scala[0m
2025.04.01 01:46:52 INFO  no build target found for /home/kampfer/Desktop/Data-Cleaning-and-Transformation-Pipeline/data-cleaning-and-transformation-pipeline/src/main/scala/example/DataCleaning.scala. Using presentation compiler with project's scala-library version: 3.3.5[0m
2025.04.01 01:46:53 INFO  no build target found for /home/kampfer/Desktop/Data-Cleaning-and-Transformation-Pipeline/data-cleaning-and-transformation-pipeline/src/main/scala/example/DataCleaning.scala. Using presentation compiler with project's scala-library version: 3.3.5[0m
2025.04.01 01:46:52 INFO  no build target found for /home/kampfer/Desktop/Data-Cleaning-and-Transformation-Pipeline/data-cleaning-and-transformation-pipeline/src/main/scala/example/DataCleaning.scala. Using presentation compiler with project's scala-library version: 3.3.5[0m
2025.04.01 01:47:04 INFO  no build target found for /home/kampfer/Desktop/Data-Cleaning-and-Transformation-Pipeline/data-cleaning-and-transformation-pipeline/src/main/scala/example/Hello.scala. Using presentation compiler with project's scala-library version: 3.3.5[0m
2025.04.01 01:47:04 INFO  no build target found for /home/kampfer/Desktop/Data-Cleaning-and-Transformation-Pipeline/data-cleaning-and-transformation-pipeline/project/Dependencies.scala. Using presentation compiler with project's scala-library version: 3.3.5[0m
2025.04.01 01:47:04 INFO  no build target found for /home/kampfer/Desktop/Data-Cleaning-and-Transformation-Pipeline/data-cleaning-and-transformation-pipeline/project/Dependencies.scala. Using presentation compiler with project's scala-library version: 3.3.5[0m
2025.04.01 01:47:06 WARN  no build target for: /home/kampfer/Desktop/Data-Cleaning-and-Transformation-Pipeline/data-cleaning-and-transformation-pipeline/build.sbt[0m
2025.04.01 01:47:06 INFO  no build target found for /home/kampfer/Desktop/Data-Cleaning-and-Transformation-Pipeline/data-cleaning-and-transformation-pipeline/build.sbt. Using presentation compiler with project's scala-library version: 3.3.5[0m
2025.04.01 01:47:06 INFO  no build target found for /home/kampfer/Desktop/Data-Cleaning-and-Transformation-Pipeline/data-cleaning-and-transformation-pipeline/build.sbt. Using presentation compiler with project's scala-library version: 3.3.5[0m
2025.04.01 01:47:06 INFO  no build target found for /home/kampfer/Desktop/Data-Cleaning-and-Transformation-Pipeline/data-cleaning-and-transformation-pipeline/build.sbt. Using presentation compiler with project's scala-library version: 3.3.5[0m
2025.04.01 01:47:10 INFO  no build target found for /home/kampfer/Desktop/Data-Cleaning-and-Transformation-Pipeline/data-cleaning-and-transformation-pipeline/build.sbt. Using presentation compiler with project's scala-library version: 3.3.5[0m
2025.04.01 01:47:11 INFO  no build target found for /home/kampfer/Desktop/Data-Cleaning-and-Transformation-Pipeline/data-cleaning-and-transformation-pipeline/build.sbt. Using presentation compiler with project's scala-library version: 3.3.5[0m
2025.04.01 01:47:11 INFO  no build target found for /home/kampfer/Desktop/Data-Cleaning-and-Transformation-Pipeline/data-cleaning-and-transformation-pipeline/build.sbt. Using presentation compiler with project's scala-library version: 3.3.5[0m
2025.04.01 01:47:11 INFO  no build target found for /home/kampfer/Desktop/Data-Cleaning-and-Transformation-Pipeline/data-cleaning-and-transformation-pipeline/build.sbt. Using presentation compiler with project's scala-library version: 3.3.5[0m
2025.04.01 01:47:12 INFO  no build target found for /home/kampfer/Desktop/Data-Cleaning-and-Transformation-Pipeline/data-cleaning-and-transformation-pipeline/build.sbt. Using presentation compiler with project's scala-library version: 3.3.5[0m
2025.04.01 01:47:12 INFO  no build target found for /home/kampfer/Desktop/Data-Cleaning-and-Transformation-Pipeline/data-cleaning-and-transformation-pipeline/build.sbt. Using presentation compiler with project's scala-library version: 3.3.5[0m
2025.04.01 01:47:12 INFO  no build target found for /home/kampfer/Desktop/Data-Cleaning-and-Transformation-Pipeline/data-cleaning-and-transformation-pipeline/build.sbt. Using presentation compiler with project's scala-library version: 3.3.5[0m
2025.04.01 01:47:12 INFO  no build target found for /home/kampfer/Desktop/Data-Cleaning-and-Transformation-Pipeline/data-cleaning-and-transformation-pipeline/build.sbt. Using presentation compiler with project's scala-library version: 3.3.5[0m
2025.04.01 01:47:12 INFO  no build target found for /home/kampfer/Desktop/Data-Cleaning-and-Transformation-Pipeline/data-cleaning-and-transformation-pipeline/build.sbt. Using presentation compiler with project's scala-library version: 3.3.5[0m
2025.04.01 01:47:12 INFO  no build target found for /home/kampfer/Desktop/Data-Cleaning-and-Transformation-Pipeline/data-cleaning-and-transformation-pipeline/build.sbt. Using presentation compiler with project's scala-library version: 3.3.5[0m
2025.04.01 01:47:13 INFO  no build target found for /home/kampfer/Desktop/Data-Cleaning-and-Transformation-Pipeline/data-cleaning-and-transformation-pipeline/build.sbt. Using presentation compiler with project's scala-library version: 3.3.5[0m
2025.04.01 01:47:13 INFO  no build target found for /home/kampfer/Desktop/Data-Cleaning-and-Transformation-Pipeline/data-cleaning-and-transformation-pipeline/build.sbt. Using presentation compiler with project's scala-library version: 3.3.5[0m
2025.04.01 01:47:14 WARN  no build target for: /home/kampfer/Desktop/Data-Cleaning-and-Transformation-Pipeline/data-cleaning-and-transformation-pipeline/build.sbt[0m
2025.04.01 01:47:14 INFO  no build target found for /home/kampfer/Desktop/Data-Cleaning-and-Transformation-Pipeline/data-cleaning-and-transformation-pipeline/build.sbt. Using presentation compiler with project's scala-library version: 3.3.5[0m
2025.04.01 01:47:14 INFO  no build target found for /home/kampfer/Desktop/Data-Cleaning-and-Transformation-Pipeline/data-cleaning-and-transformation-pipeline/build.sbt. Using presentation compiler with project's scala-library version: 3.3.5[0m
2025.04.01 01:47:14 INFO  no build target found for /home/kampfer/Desktop/Data-Cleaning-and-Transformation-Pipeline/data-cleaning-and-transformation-pipeline/build.sbt. Using presentation compiler with project's scala-library version: 3.3.5[0m
2025.04.01 01:47:14 INFO  no build target found for /home/kampfer/Desktop/Data-Cleaning-and-Transformation-Pipeline/data-cleaning-and-transformation-pipeline/build.sbt. Using presentation compiler with project's scala-library version: 3.3.5[0m
2025.04.01 01:47:14 INFO  no build target found for /home/kampfer/Desktop/Data-Cleaning-and-Transformation-Pipeline/data-cleaning-and-transformation-pipeline/build.sbt. Using presentation compiler with project's scala-library version: 3.3.5[0m
2025.04.01 01:47:14 INFO  no build target found for /home/kampfer/Desktop/Data-Cleaning-and-Transformation-Pipeline/data-cleaning-and-transformation-pipeline/build.sbt. Using presentation compiler with project's scala-library version: 3.3.5[0m
2025.04.01 01:47:15 INFO  no build target found for /home/kampfer/Desktop/Data-Cleaning-and-Transformation-Pipeline/data-cleaning-and-transformation-pipeline/build.sbt. Using presentation compiler with project's scala-library version: 3.3.5[0m
2025.04.01 01:47:14 INFO  no build target found for /home/kampfer/Desktop/Data-Cleaning-and-Transformation-Pipeline/data-cleaning-and-transformation-pipeline/build.sbt. Using presentation compiler with project's scala-library version: 3.3.5[0m
2025.04.01 01:47:14 INFO  no build target found for /home/kampfer/Desktop/Data-Cleaning-and-Transformation-Pipeline/data-cleaning-and-transformation-pipeline/build.sbt. Using presentation compiler with project's scala-library version: 3.3.5[0m
2025.04.01 01:47:15 INFO  no build target found for /home/kampfer/Desktop/Data-Cleaning-and-Transformation-Pipeline/data-cleaning-and-transformation-pipeline/build.sbt. Using presentation compiler with project's scala-library version: 3.3.5[0m
2025.04.01 01:47:15 INFO  no build target found for /home/kampfer/Desktop/Data-Cleaning-and-Transformation-Pipeline/data-cleaning-and-transformation-pipeline/build.sbt. Using presentation compiler with project's scala-library version: 3.3.5[0m
2025.04.01 01:47:15 INFO  no build target found for /home/kampfer/Desktop/Data-Cleaning-and-Transformation-Pipeline/data-cleaning-and-transformation-pipeline/build.sbt. Using presentation compiler with project's scala-library version: 3.3.5[0m
2025.04.01 01:47:15 INFO  no build target found for /home/kampfer/Desktop/Data-Cleaning-and-Transformation-Pipeline/data-cleaning-and-transformation-pipeline/build.sbt. Using presentation compiler with project's scala-library version: 3.3.5[0m
2025.04.01 01:47:15 INFO  no build target found for /home/kampfer/Desktop/Data-Cleaning-and-Transformation-Pipeline/data-cleaning-and-transformation-pipeline/build.sbt. Using presentation compiler with project's scala-library version: 3.3.5[0m
2025.04.01 01:47:16 INFO  no build target found for /home/kampfer/Desktop/Data-Cleaning-and-Transformation-Pipeline/data-cleaning-and-transformation-pipeline/build.sbt. Using presentation compiler with project's scala-library version: 3.3.5[0m
2025.04.01 01:47:17 INFO  no build target found for /home/kampfer/Desktop/Data-Cleaning-and-Transformation-Pipeline/data-cleaning-and-transformation-pipeline/build.sbt. Using presentation compiler with project's scala-library version: 3.3.5[0m
2025.04.01 01:47:17 INFO  no build target found for /home/kampfer/Desktop/Data-Cleaning-and-Transformation-Pipeline/data-cleaning-and-transformation-pipeline/build.sbt. Using presentation compiler with project's scala-library version: 3.3.5[0m
2025.04.01 01:47:17 INFO  no build target found for /home/kampfer/Desktop/Data-Cleaning-and-Transformation-Pipeline/data-cleaning-and-transformation-pipeline/build.sbt. Using presentation compiler with project's scala-library version: 3.3.5[0m
2025.04.01 01:47:17 INFO  no build target found for /home/kampfer/Desktop/Data-Cleaning-and-Transformation-Pipeline/data-cleaning-and-transformation-pipeline/build.sbt. Using presentation compiler with project's scala-library version: 3.3.5[0m
2025.04.01 01:47:17 WARN  no build target for: /home/kampfer/Desktop/Data-Cleaning-and-Transformation-Pipeline/data-cleaning-and-transformation-pipeline/build.sbt[0m
2025.04.01 01:47:18 INFO  no build target found for /home/kampfer/Desktop/Data-Cleaning-and-Transformation-Pipeline/data-cleaning-and-transformation-pipeline/build.sbt. Using presentation compiler with project's scala-library version: 3.3.5[0m
2025.04.01 01:47:18 INFO  no build target found for /home/kampfer/Desktop/Data-Cleaning-and-Transformation-Pipeline/data-cleaning-and-transformation-pipeline/build.sbt. Using presentation compiler with project's scala-library version: 3.3.5[0m
2025.04.01 01:47:19 INFO  no build target found for /home/kampfer/Desktop/Data-Cleaning-and-Transformation-Pipeline/data-cleaning-and-transformation-pipeline/build.sbt. Using presentation compiler with project's scala-library version: 3.3.5[0m
2025.04.01 01:47:19 INFO  no build target found for /home/kampfer/Desktop/Data-Cleaning-and-Transformation-Pipeline/data-cleaning-and-transformation-pipeline/build.sbt. Using presentation compiler with project's scala-library version: 3.3.5[0m
2025.04.01 01:47:19 INFO  no build target found for /home/kampfer/Desktop/Data-Cleaning-and-Transformation-Pipeline/data-cleaning-and-transformation-pipeline/build.sbt. Using presentation compiler with project's scala-library version: 3.3.5[0m
2025.04.01 01:47:19 INFO  no build target found for /home/kampfer/Desktop/Data-Cleaning-and-Transformation-Pipeline/data-cleaning-and-transformation-pipeline/build.sbt. Using presentation compiler with project's scala-library version: 3.3.5[0m
2025.04.01 01:47:20 WARN  no build target for: /home/kampfer/Desktop/Data-Cleaning-and-Transformation-Pipeline/data-cleaning-and-transformation-pipeline/build.sbt[0m
2025.04.01 01:47:20 INFO  no build target found for /home/kampfer/Desktop/Data-Cleaning-and-Transformation-Pipeline/data-cleaning-and-transformation-pipeline/build.sbt. Using presentation compiler with project's scala-library version: 3.3.5[0m
2025.04.01 01:47:20 INFO  no build target found for /home/kampfer/Desktop/Data-Cleaning-and-Transformation-Pipeline/data-cleaning-and-transformation-pipeline/build.sbt. Using presentation compiler with project's scala-library version: 3.3.5[0m
2025.04.01 01:47:27 INFO  no build target found for /home/kampfer/Desktop/Data-Cleaning-and-Transformation-Pipeline/data-cleaning-and-transformation-pipeline/build.sbt. Using presentation compiler with project's scala-library version: 3.3.5[0m
2025.04.01 01:47:30 INFO  no build target found for /home/kampfer/Desktop/Data-Cleaning-and-Transformation-Pipeline/data-cleaning-and-transformation-pipeline/build.sbt. Using presentation compiler with project's scala-library version: 3.3.5[0m
2025.04.01 01:47:33 INFO  no build target found for /home/kampfer/Desktop/Data-Cleaning-and-Transformation-Pipeline/data-cleaning-and-transformation-pipeline/build.sbt. Using presentation compiler with project's scala-library version: 3.3.5[0m
2025.04.01 01:47:40 INFO  no build target found for /home/kampfer/Desktop/Data-Cleaning-and-Transformation-Pipeline/data-cleaning-and-transformation-pipeline/build.sbt. Using presentation compiler with project's scala-library version: 3.3.5[0m
2025.04.01 01:48:47 INFO  no build target found for /home/kampfer/Desktop/Data-Cleaning-and-Transformation-Pipeline/data-cleaning-and-transformation-pipeline/build.sbt. Using presentation compiler with project's scala-library version: 3.3.5[0m
2025.04.01 01:48:48 INFO  no build target found for /home/kampfer/Desktop/Data-Cleaning-and-Transformation-Pipeline/data-cleaning-and-transformation-pipeline/build.sbt. Using presentation compiler with project's scala-library version: 3.3.5[0m
2025.04.01 01:48:48 INFO  no build target found for /home/kampfer/Desktop/Data-Cleaning-and-Transformation-Pipeline/data-cleaning-and-transformation-pipeline/build.sbt. Using presentation compiler with project's scala-library version: 3.3.5[0m
2025.04.01 01:48:50 INFO  no build target found for /home/kampfer/Desktop/Data-Cleaning-and-Transformation-Pipeline/data-cleaning-and-transformation-pipeline/build.sbt. Using presentation compiler with project's scala-library version: 3.3.5[0m
2025.04.01 01:48:51 INFO  no build target found for /home/kampfer/Desktop/Data-Cleaning-and-Transformation-Pipeline/data-cleaning-and-transformation-pipeline/build.sbt. Using presentation compiler with project's scala-library version: 3.3.5[0m
2025.04.01 01:48:52 INFO  no build target found for /home/kampfer/Desktop/Data-Cleaning-and-Transformation-Pipeline/data-cleaning-and-transformation-pipeline/build.sbt. Using presentation compiler with project's scala-library version: 3.3.5[0m
2025.04.01 01:48:52 INFO  no build target found for /home/kampfer/Desktop/Data-Cleaning-and-Transformation-Pipeline/data-cleaning-and-transformation-pipeline/build.sbt. Using presentation compiler with project's scala-library version: 3.3.5[0m
Apr 01, 2025 1:48:52 AM scala.meta.internal.metals.StdReporter $anonfun$create$1
WARNING: empty definition using pc, found symbol in pc: `<none>`. (full report at: /home/kampfer/Desktop/Data-Cleaning-and-Transformation-Pipeline/.metals/.reports/metals-full/2025-04-01/r_empty-definition_01-48-52-486.md)
2025.04.01 01:48:52 INFO  no build target found for /home/kampfer/Desktop/Data-Cleaning-and-Transformation-Pipeline/data-cleaning-and-transformation-pipeline/build.sbt. Using presentation compiler with project's scala-library version: 3.3.5[0m
2025.04.01 01:48:52 INFO  no build target found for /home/kampfer/Desktop/Data-Cleaning-and-Transformation-Pipeline/data-cleaning-and-transformation-pipeline/build.sbt. Using presentation compiler with project's scala-library version: 3.3.5[0m
2025.04.01 01:48:53 WARN  no build target for: /home/kampfer/Desktop/Data-Cleaning-and-Transformation-Pipeline/data-cleaning-and-transformation-pipeline/build.sbt[0m
2025.04.01 01:48:53 INFO  no build target found for /home/kampfer/Desktop/Data-Cleaning-and-Transformation-Pipeline/data-cleaning-and-transformation-pipeline/build.sbt. Using presentation compiler with project's scala-library version: 3.3.5[0m
2025.04.01 01:48:54 INFO  no build target found for /home/kampfer/Desktop/Data-Cleaning-and-Transformation-Pipeline/data-cleaning-and-transformation-pipeline/build.sbt. Using presentation compiler with project's scala-library version: 3.3.5[0m
2025.04.01 01:48:54 INFO  no build target found for /home/kampfer/Desktop/Data-Cleaning-and-Transformation-Pipeline/data-cleaning-and-transformation-pipeline/build.sbt. Using presentation compiler with project's scala-library version: 3.3.5[0m
2025.04.01 01:48:54 INFO  no build target found for /home/kampfer/Desktop/Data-Cleaning-and-Transformation-Pipeline/data-cleaning-and-transformation-pipeline/build.sbt. Using presentation compiler with project's scala-library version: 3.3.5[0m
2025.04.01 01:48:55 INFO  no build target found for /home/kampfer/Desktop/Data-Cleaning-and-Transformation-Pipeline/data-cleaning-and-transformation-pipeline/build.sbt. Using presentation compiler with project's scala-library version: 3.3.5[0m
2025.04.01 01:48:55 INFO  no build target found for /home/kampfer/Desktop/Data-Cleaning-and-Transformation-Pipeline/data-cleaning-and-transformation-pipeline/build.sbt. Using presentation compiler with project's scala-library version: 3.3.5[0m
2025.04.01 01:48:55 WARN  no build target for: /home/kampfer/Desktop/Data-Cleaning-and-Transformation-Pipeline/data-cleaning-and-transformation-pipeline/build.sbt[0m
2025.04.01 01:48:55 INFO  no build target found for /home/kampfer/Desktop/Data-Cleaning-and-Transformation-Pipeline/data-cleaning-and-transformation-pipeline/build.sbt. Using presentation compiler with project's scala-library version: 3.3.5[0m
2025.04.01 01:48:56 INFO  no build target found for /home/kampfer/Desktop/Data-Cleaning-and-Transformation-Pipeline/data-cleaning-and-transformation-pipeline/build.sbt. Using presentation compiler with project's scala-library version: 3.3.5[0m
2025.04.01 01:48:57 INFO  no build target found for /home/kampfer/Desktop/Data-Cleaning-and-Transformation-Pipeline/data-cleaning-and-transformation-pipeline/build.sbt. Using presentation compiler with project's scala-library version: 3.3.5[0m
2025.04.01 01:48:57 WARN  no build target for: /home/kampfer/Desktop/Data-Cleaning-and-Transformation-Pipeline/data-cleaning-and-transformation-pipeline/build.sbt[0m
2025.04.01 01:48:57 INFO  no build target found for /home/kampfer/Desktop/Data-Cleaning-and-Transformation-Pipeline/data-cleaning-and-transformation-pipeline/build.sbt. Using presentation compiler with project's scala-library version: 3.3.5[0m
2025.04.01 01:48:57 INFO  no build target found for /home/kampfer/Desktop/Data-Cleaning-and-Transformation-Pipeline/data-cleaning-and-transformation-pipeline/build.sbt. Using presentation compiler with project's scala-library version: 3.3.5[0m
2025.04.01 01:48:58 INFO  no build target found for /home/kampfer/Desktop/Data-Cleaning-and-Transformation-Pipeline/data-cleaning-and-transformation-pipeline/build.sbt. Using presentation compiler with project's scala-library version: 3.3.5[0m
2025.04.01 01:48:58 INFO  no build target found for /home/kampfer/Desktop/Data-Cleaning-and-Transformation-Pipeline/data-cleaning-and-transformation-pipeline/build.sbt. Using presentation compiler with project's scala-library version: 3.3.5[0m
2025.04.01 01:48:59 INFO  no build target found for /home/kampfer/Desktop/Data-Cleaning-and-Transformation-Pipeline/data-cleaning-and-transformation-pipeline/build.sbt. Using presentation compiler with project's scala-library version: 3.3.5[0m
2025.04.01 01:48:59 INFO  no build target found for /home/kampfer/Desktop/Data-Cleaning-and-Transformation-Pipeline/data-cleaning-and-transformation-pipeline/build.sbt. Using presentation compiler with project's scala-library version: 3.3.5[0m
2025.04.01 01:48:59 WARN  no build target for: /home/kampfer/Desktop/Data-Cleaning-and-Transformation-Pipeline/data-cleaning-and-transformation-pipeline/build.sbt[0m
2025.04.01 01:49:00 INFO  no build target found for /home/kampfer/Desktop/Data-Cleaning-and-Transformation-Pipeline/data-cleaning-and-transformation-pipeline/build.sbt. Using presentation compiler with project's scala-library version: 3.3.5[0m
2025.04.01 01:49:00 INFO  no build target found for /home/kampfer/Desktop/Data-Cleaning-and-Transformation-Pipeline/data-cleaning-and-transformation-pipeline/build.sbt. Using presentation compiler with project's scala-library version: 3.3.5[0m
2025.04.01 01:49:00 INFO  no build target found for /home/kampfer/Desktop/Data-Cleaning-and-Transformation-Pipeline/data-cleaning-and-transformation-pipeline/build.sbt. Using presentation compiler with project's scala-library version: 3.3.5[0m
2025.04.01 01:49:02 INFO  no build target found for /home/kampfer/Desktop/Data-Cleaning-and-Transformation-Pipeline/data-cleaning-and-transformation-pipeline/build.sbt. Using presentation compiler with project's scala-library version: 3.3.5[0m
2025.04.01 01:49:02 INFO  no build target found for /home/kampfer/Desktop/Data-Cleaning-and-Transformation-Pipeline/data-cleaning-and-transformation-pipeline/build.sbt. Using presentation compiler with project's scala-library version: 3.3.5[0m
2025.04.01 01:49:02 INFO  no build target found for /home/kampfer/Desktop/Data-Cleaning-and-Transformation-Pipeline/data-cleaning-and-transformation-pipeline/build.sbt. Using presentation compiler with project's scala-library version: 3.3.5[0m
2025.04.01 01:49:03 INFO  no build target found for /home/kampfer/Desktop/Data-Cleaning-and-Transformation-Pipeline/data-cleaning-and-transformation-pipeline/build.sbt. Using presentation compiler with project's scala-library version: 3.3.5[0m
2025.04.01 01:49:04 WARN  no build target for: /home/kampfer/Desktop/Data-Cleaning-and-Transformation-Pipeline/data-cleaning-and-transformation-pipeline/build.sbt[0m
2025.04.01 01:49:04 INFO  no build target found for /home/kampfer/Desktop/Data-Cleaning-and-Transformation-Pipeline/data-cleaning-and-transformation-pipeline/build.sbt. Using presentation compiler with project's scala-library version: 3.3.5[0m
2025.04.01 01:49:04 INFO  no build target found for /home/kampfer/Desktop/Data-Cleaning-and-Transformation-Pipeline/data-cleaning-and-transformation-pipeline/build.sbt. Using presentation compiler with project's scala-library version: 3.3.5[0m
2025.04.01 01:49:05 INFO  no build target found for /home/kampfer/Desktop/Data-Cleaning-and-Transformation-Pipeline/data-cleaning-and-transformation-pipeline/build.sbt. Using presentation compiler with project's scala-library version: 3.3.5[0m
2025.04.01 01:49:05 INFO  no build target found for /home/kampfer/Desktop/Data-Cleaning-and-Transformation-Pipeline/data-cleaning-and-transformation-pipeline/build.sbt. Using presentation compiler with project's scala-library version: 3.3.5[0m
2025.04.01 01:49:05 INFO  no build target found for /home/kampfer/Desktop/Data-Cleaning-and-Transformation-Pipeline/data-cleaning-and-transformation-pipeline/build.sbt. Using presentation compiler with project's scala-library version: 3.3.5[0m
2025.04.01 01:49:05 INFO  no build target found for /home/kampfer/Desktop/Data-Cleaning-and-Transformation-Pipeline/data-cleaning-and-transformation-pipeline/build.sbt. Using presentation compiler with project's scala-library version: 3.3.5[0m
2025.04.01 01:49:06 WARN  no build target for: /home/kampfer/Desktop/Data-Cleaning-and-Transformation-Pipeline/data-cleaning-and-transformation-pipeline/build.sbt[0m
2025.04.01 01:49:06 INFO  no build target found for /home/kampfer/Desktop/Data-Cleaning-and-Transformation-Pipeline/data-cleaning-and-transformation-pipeline/build.sbt. Using presentation compiler with project's scala-library version: 3.3.5[0m
2025.04.01 01:53:52 INFO  no build target found for /home/kampfer/Desktop/Data-Cleaning-and-Transformation-Pipeline/data-cleaning-and-transformation-pipeline/build.sbt. Using presentation compiler with project's scala-library version: 3.3.5[0m
2025.04.01 01:55:04 INFO  no build target found for /home/kampfer/Desktop/Data-Cleaning-and-Transformation-Pipeline/data-cleaning-and-transformation-pipeline/build.sbt. Using presentation compiler with project's scala-library version: 3.3.5[0m
2025.04.01 01:55:07 INFO  no build target found for /home/kampfer/Desktop/Data-Cleaning-and-Transformation-Pipeline/data-cleaning-and-transformation-pipeline/src/main/scala/example/DataCleaning.scala. Using presentation compiler with project's scala-library version: 3.3.5[0m
2025.04.01 01:59:08 WARN  no build target for: /home/kampfer/Desktop/Data-Cleaning-and-Transformation-Pipeline/data-cleaning-and-transformation-pipeline/src/main/scala/DataCleaning.scala[0m
2025.04.01 01:59:08 INFO  no build target found for /home/kampfer/Desktop/Data-Cleaning-and-Transformation-Pipeline/data-cleaning-and-transformation-pipeline/src/main/scala/DataCleaning.scala. Using presentation compiler with project's scala-library version: 3.3.5[0m
2025.04.01 01:59:08 INFO  no build target found for /home/kampfer/Desktop/Data-Cleaning-and-Transformation-Pipeline/data-cleaning-and-transformation-pipeline/src/main/scala/DataCleaning.scala. Using presentation compiler with project's scala-library version: 3.3.5[0m
2025.04.01 01:59:12 INFO  no build target found for /home/kampfer/Desktop/Data-Cleaning-and-Transformation-Pipeline/data-cleaning-and-transformation-pipeline/src/main/scala/DataCleaning.scala. Using presentation compiler with project's scala-library version: 3.3.5[0m
2025.04.01 01:59:12 INFO  no build target found for /home/kampfer/Desktop/Data-Cleaning-and-Transformation-Pipeline/data-cleaning-and-transformation-pipeline/src/main/scala/DataCleaning.scala. Using presentation compiler with project's scala-library version: 3.3.5[0m
2025.04.01 01:59:14 INFO  no build target found for /home/kampfer/Desktop/Data-Cleaning-and-Transformation-Pipeline/data-cleaning-and-transformation-pipeline/src/main/scala/DataCleaning.scala. Using presentation compiler with project's scala-library version: 3.3.5[0m
2025.04.01 01:59:14 INFO  no build target found for /home/kampfer/Desktop/Data-Cleaning-and-Transformation-Pipeline/data-cleaning-and-transformation-pipeline/src/main/scala/DataCleaning.scala. Using presentation compiler with project's scala-library version: 3.3.5[0m
Apr 01, 2025 1:59:14 AM scala.meta.internal.metals.StdReporter $anonfun$create$1
WARNING: empty definition using pc, found symbol in pc: `<none>`. (full report at: /home/kampfer/Desktop/Data-Cleaning-and-Transformation-Pipeline/.metals/.reports/metals-full/2025-04-01/r_empty-definition_01-48-52-486.md)
2025.04.01 01:59:15 INFO  no build target found for /home/kampfer/Desktop/Data-Cleaning-and-Transformation-Pipeline/data-cleaning-and-transformation-pipeline/src/main/scala/DataCleaning.scala. Using presentation compiler with project's scala-library version: 3.3.5[0m
2025.04.01 01:59:15 INFO  no build target found for /home/kampfer/Desktop/Data-Cleaning-and-Transformation-Pipeline/data-cleaning-and-transformation-pipeline/src/main/scala/DataCleaning.scala. Using presentation compiler with project's scala-library version: 3.3.5[0m
2025.04.01 01:59:15 INFO  no build target found for /home/kampfer/Desktop/Data-Cleaning-and-Transformation-Pipeline/data-cleaning-and-transformation-pipeline/src/main/scala/DataCleaning.scala. Using presentation compiler with project's scala-library version: 3.3.5[0m
2025.04.01 01:59:17 INFO  no build target found for /home/kampfer/Desktop/Data-Cleaning-and-Transformation-Pipeline/data-cleaning-and-transformation-pipeline/src/main/scala/DataCleaning.scala. Using presentation compiler with project's scala-library version: 3.3.5[0m
Apr 01, 2025 2:00:36 AM org.eclipse.lsp4j.jsonrpc.services.GenericEndpoint notify
INFO: Unsupported notification method: $/setTrace
2025.04.01 02:00:39 INFO  no build target found for /home/kampfer/Desktop/Data-Cleaning-and-Transformation-Pipeline/data-cleaning-and-transformation-pipeline/src/main/scala/DataCleaning.scala. Using presentation compiler with project's scala-library version: 3.3.5[0m
2025.04.01 02:03:38 INFO  no build target found for /home/kampfer/Desktop/Data-Cleaning-and-Transformation-Pipeline/data-cleaning-and-transformation-pipeline/src/main/scala/DataCleaning.scala. Using presentation compiler with project's scala-library version: 3.3.5[0m
2025.04.01 02:05:42 INFO  no build target found for /home/kampfer/Desktop/Data-Cleaning-and-Transformation-Pipeline/data-cleaning-and-transformation-pipeline/project/Dependencies.scala. Using presentation compiler with project's scala-library version: 3.3.5[0m
2025.04.01 03:12:30 INFO  Started: Metals version 1.5.2 in folders '/home/kampfer/Desktop/Data-Cleaning-and-Transformation-Pipeline/data-cleaning-and-transformation-pipeline' for client Visual Studio Code 1.98.2.[0m
2025.04.01 03:16:33 INFO  no build target found for /home/kampfer/Desktop/Data-Cleaning-and-Transformation-Pipeline/data-cleaning-and-transformation-pipeline/src/main/scala/DataCleaning.scala. Using presentation compiler with project's scala-library version: 3.3.5[0m
2025.04.01 03:16:33 INFO  no build target found for /home/kampfer/Desktop/Data-Cleaning-and-Transformation-Pipeline/data-cleaning-and-transformation-pipeline/src/main/scala/DataCleaning.scala. Using presentation compiler with project's scala-library version: 3.3.5[0m
2025.04.01 03:16:33 INFO  no build target found for /home/kampfer/Desktop/Data-Cleaning-and-Transformation-Pipeline/data-cleaning-and-transformation-pipeline/src/main/scala/DataCleaning.scala. Using presentation compiler with project's scala-library version: 3.3.5[0m
2025.04.01 03:16:33 INFO  no build target found for /home/kampfer/Desktop/Data-Cleaning-and-Transformation-Pipeline/data-cleaning-and-transformation-pipeline/src/main/scala/DataCleaning.scala. Using presentation compiler with project's scala-library version: 3.3.5[0m
2025.04.01 03:16:33 INFO  no build target found for /home/kampfer/Desktop/Data-Cleaning-and-Transformation-Pipeline/data-cleaning-and-transformation-pipeline/src/main/scala/DataCleaning.scala. Using presentation compiler with project's scala-library version: 3.3.5[0m
2025.04.01 03:16:33 INFO  no build target found for /home/kampfer/Desktop/Data-Cleaning-and-Transformation-Pipeline/data-cleaning-and-transformation-pipeline/src/main/scala/DataCleaning.scala. Using presentation compiler with project's scala-library version: 3.3.5[0m
Apr 01, 2025 3:16:35 AM org.eclipse.lsp4j.jsonrpc.RemoteEndpoint handleCancellation
WARNING: Unmatched cancel notification for request id 8
2025.04.01 03:16:35 INFO  no build target found for /home/kampfer/Desktop/Data-Cleaning-and-Transformation-Pipeline/data-cleaning-and-transformation-pipeline/src/main/scala/DataCleaning.scala. Using presentation compiler with project's scala-library version: 3.3.5[0m
2025.04.01 03:16:35 INFO  no build target found for /home/kampfer/Desktop/Data-Cleaning-and-Transformation-Pipeline/data-cleaning-and-transformation-pipeline/src/main/scala/DataCleaning.scala. Using presentation compiler with project's scala-library version: 3.3.5[0m
2025.04.01 03:16:35 INFO  no build target found for /home/kampfer/Desktop/Data-Cleaning-and-Transformation-Pipeline/data-cleaning-and-transformation-pipeline/src/main/scala/DataCleaning.scala. Using presentation compiler with project's scala-library version: 3.3.5[0m
2025.04.01 03:16:43 INFO  no build target found for /home/kampfer/Desktop/Data-Cleaning-and-Transformation-Pipeline/data-cleaning-and-transformation-pipeline/src/main/scala/DataCleaning.scala. Using presentation compiler with project's scala-library version: 3.3.5[0m
2025.04.01 03:16:43 INFO  no build target found for /home/kampfer/Desktop/Data-Cleaning-and-Transformation-Pipeline/data-cleaning-and-transformation-pipeline/src/main/scala/DataCleaning.scala. Using presentation compiler with project's scala-library version: 3.3.5[0m
2025.04.01 03:16:46 INFO  no build target found for /home/kampfer/Desktop/Data-Cleaning-and-Transformation-Pipeline/data-cleaning-and-transformation-pipeline/src/main/scala/DataCleaning.scala. Using presentation compiler with project's scala-library version: 3.3.5[0m
2025.04.01 03:16:46 INFO  no build target found for /home/kampfer/Desktop/Data-Cleaning-and-Transformation-Pipeline/data-cleaning-and-transformation-pipeline/src/main/scala/DataCleaning.scala. Using presentation compiler with project's scala-library version: 3.3.5[0m
2025.04.01 03:16:46 INFO  no build target found for /home/kampfer/Desktop/Data-Cleaning-and-Transformation-Pipeline/data-cleaning-and-transformation-pipeline/src/main/scala/DataCleaning.scala. Using presentation compiler with project's scala-library version: 3.3.5[0m
Apr 01, 2025 3:16:46 AM scala.meta.internal.metals.StdReporter $anonfun$create$1
WARNING: empty definition using pc, found symbol in pc: `<none>`. (full report at: /home/kampfer/Desktop/Data-Cleaning-and-Transformation-Pipeline/data-cleaning-and-transformation-pipeline/.metals/.reports/metals-full/2025-04-01/r_empty-definition_01-48-52-486.md)
2025.04.01 03:16:47 INFO  no build target found for /home/kampfer/Desktop/Data-Cleaning-and-Transformation-Pipeline/data-cleaning-and-transformation-pipeline/src/main/scala/DataCleaning.scala. Using presentation compiler with project's scala-library version: 3.3.5[0m
2025.04.01 03:16:47 INFO  no build target found for /home/kampfer/Desktop/Data-Cleaning-and-Transformation-Pipeline/data-cleaning-and-transformation-pipeline/src/main/scala/DataCleaning.scala. Using presentation compiler with project's scala-library version: 3.3.5[0m
2025.04.01 03:16:48 INFO  no build target found for /home/kampfer/Desktop/Data-Cleaning-and-Transformation-Pipeline/data-cleaning-and-transformation-pipeline/src/main/scala/DataCleaning.scala. Using presentation compiler with project's scala-library version: 3.3.5[0m
2025.04.01 03:16:48 WARN  no build target for: /home/kampfer/Desktop/Data-Cleaning-and-Transformation-Pipeline/data-cleaning-and-transformation-pipeline/src/main/scala/DataCleaning.scala[0m
2025.04.01 03:16:48 INFO  no build target found for /home/kampfer/Desktop/Data-Cleaning-and-Transformation-Pipeline/data-cleaning-and-transformation-pipeline/src/main/scala/DataCleaning.scala. Using presentation compiler with project's scala-library version: 3.3.5[0m
2025.04.01 03:16:48 INFO  no build target found for /home/kampfer/Desktop/Data-Cleaning-and-Transformation-Pipeline/data-cleaning-and-transformation-pipeline/src/main/scala/DataCleaning.scala. Using presentation compiler with project's scala-library version: 3.3.5[0m
2025.04.01 03:16:48 INFO  no build target found for /home/kampfer/Desktop/Data-Cleaning-and-Transformation-Pipeline/data-cleaning-and-transformation-pipeline/src/main/scala/DataCleaning.scala. Using presentation compiler with project's scala-library version: 3.3.5[0m
2025.04.01 03:16:48 INFO  no build target found for /home/kampfer/Desktop/Data-Cleaning-and-Transformation-Pipeline/data-cleaning-and-transformation-pipeline/src/main/scala/DataCleaning.scala. Using presentation compiler with project's scala-library version: 3.3.5[0m
2025.04.01 03:16:48 INFO  no build target found for /home/kampfer/Desktop/Data-Cleaning-and-Transformation-Pipeline/data-cleaning-and-transformation-pipeline/src/main/scala/DataCleaning.scala. Using presentation compiler with project's scala-library version: 3.3.5[0m
2025.04.01 03:16:49 WARN  no build target for: /home/kampfer/Desktop/Data-Cleaning-and-Transformation-Pipeline/data-cleaning-and-transformation-pipeline/src/main/scala/DataCleaning.scala[0m
2025.04.01 03:16:49 INFO  no build target found for /home/kampfer/Desktop/Data-Cleaning-and-Transformation-Pipeline/data-cleaning-and-transformation-pipeline/src/main/scala/DataCleaning.scala. Using presentation compiler with project's scala-library version: 3.3.5[0m
2025.04.01 03:16:52 INFO  no build target found for /home/kampfer/Desktop/Data-Cleaning-and-Transformation-Pipeline/data-cleaning-and-transformation-pipeline/src/main/scala/DataCleaning.scala. Using presentation compiler with project's scala-library version: 3.3.5[0m
2025.04.01 03:16:52 INFO  no build target found for /home/kampfer/Desktop/Data-Cleaning-and-Transformation-Pipeline/data-cleaning-and-transformation-pipeline/src/main/scala/DataCleaning.scala. Using presentation compiler with project's scala-library version: 3.3.5[0m
2025.04.01 03:16:52 INFO  no build target found for /home/kampfer/Desktop/Data-Cleaning-and-Transformation-Pipeline/data-cleaning-and-transformation-pipeline/src/main/scala/DataCleaning.scala. Using presentation compiler with project's scala-library version: 3.3.5[0m
2025.04.01 03:16:52 INFO  no build target found for /home/kampfer/Desktop/Data-Cleaning-and-Transformation-Pipeline/data-cleaning-and-transformation-pipeline/src/main/scala/DataCleaning.scala. Using presentation compiler with project's scala-library version: 3.3.5[0m
2025.04.01 03:16:53 INFO  no build target found for /home/kampfer/Desktop/Data-Cleaning-and-Transformation-Pipeline/data-cleaning-and-transformation-pipeline/src/main/scala/DataCleaning.scala. Using presentation compiler with project's scala-library version: 3.3.5[0m
2025.04.01 03:16:54 INFO  no build target found for /home/kampfer/Desktop/Data-Cleaning-and-Transformation-Pipeline/data-cleaning-and-transformation-pipeline/src/main/scala/DataCleaning.scala. Using presentation compiler with project's scala-library version: 3.3.5[0m
2025.04.01 03:16:53 WARN  no build target for: /home/kampfer/Desktop/Data-Cleaning-and-Transformation-Pipeline/data-cleaning-and-transformation-pipeline/src/main/scala/DataCleaning.scala[0m
2025.04.01 03:16:53 INFO  no build target found for /home/kampfer/Desktop/Data-Cleaning-and-Transformation-Pipeline/data-cleaning-and-transformation-pipeline/src/main/scala/DataCleaning.scala. Using presentation compiler with project's scala-library version: 3.3.5[0m
2025.04.01 03:16:55 INFO  no build target found for /home/kampfer/Desktop/Data-Cleaning-and-Transformation-Pipeline/data-cleaning-and-transformation-pipeline/src/main/scala/DataCleaning.scala. Using presentation compiler with project's scala-library version: 3.3.5[0m
2025.04.01 03:16:56 INFO  no build target found for /home/kampfer/Desktop/Data-Cleaning-and-Transformation-Pipeline/data-cleaning-and-transformation-pipeline/src/main/scala/DataCleaning.scala. Using presentation compiler with project's scala-library version: 3.3.5[0m
2025.04.01 03:16:56 WARN  no build target for: /home/kampfer/Desktop/Data-Cleaning-and-Transformation-Pipeline/data-cleaning-and-transformation-pipeline/src/main/scala/DataCleaning.scala[0m
2025.04.01 03:16:56 INFO  no build target found for /home/kampfer/Desktop/Data-Cleaning-and-Transformation-Pipeline/data-cleaning-and-transformation-pipeline/src/main/scala/DataCleaning.scala. Using presentation compiler with project's scala-library version: 3.3.5[0m
2025.04.01 03:16:56 INFO  no build target found for /home/kampfer/Desktop/Data-Cleaning-and-Transformation-Pipeline/data-cleaning-and-transformation-pipeline/src/main/scala/DataCleaning.scala. Using presentation compiler with project's scala-library version: 3.3.5[0m
2025.04.01 03:16:57 INFO  no build target found for /home/kampfer/Desktop/Data-Cleaning-and-Transformation-Pipeline/data-cleaning-and-transformation-pipeline/src/main/scala/DataCleaning.scala. Using presentation compiler with project's scala-library version: 3.3.5[0m
2025.04.01 03:16:57 INFO  no build target found for /home/kampfer/Desktop/Data-Cleaning-and-Transformation-Pipeline/data-cleaning-and-transformation-pipeline/src/main/scala/DataCleaning.scala. Using presentation compiler with project's scala-library version: 3.3.5[0m
2025.04.01 03:16:57 INFO  no build target found for /home/kampfer/Desktop/Data-Cleaning-and-Transformation-Pipeline/data-cleaning-and-transformation-pipeline/src/main/scala/DataCleaning.scala. Using presentation compiler with project's scala-library version: 3.3.5[0m
2025.04.01 03:16:57 INFO  no build target found for /home/kampfer/Desktop/Data-Cleaning-and-Transformation-Pipeline/data-cleaning-and-transformation-pipeline/src/main/scala/DataCleaning.scala. Using presentation compiler with project's scala-library version: 3.3.5[0m
2025.04.01 03:16:58 WARN  no build target for: /home/kampfer/Desktop/Data-Cleaning-and-Transformation-Pipeline/data-cleaning-and-transformation-pipeline/src/main/scala/DataCleaning.scala[0m
2025.04.01 03:16:58 INFO  no build target found for /home/kampfer/Desktop/Data-Cleaning-and-Transformation-Pipeline/data-cleaning-and-transformation-pipeline/src/main/scala/DataCleaning.scala. Using presentation compiler with project's scala-library version: 3.3.5[0m
2025.04.01 03:17:03 INFO  no build target found for /home/kampfer/Desktop/Data-Cleaning-and-Transformation-Pipeline/data-cleaning-and-transformation-pipeline/src/main/scala/DataCleaning.scala. Using presentation compiler with project's scala-library version: 3.3.5[0m
2025.04.01 03:17:03 INFO  no build target found for /home/kampfer/Desktop/Data-Cleaning-and-Transformation-Pipeline/data-cleaning-and-transformation-pipeline/src/main/scala/DataCleaning.scala. Using presentation compiler with project's scala-library version: 3.3.5[0m
2025.04.01 03:17:18 INFO  no build target found for /home/kampfer/Desktop/Data-Cleaning-and-Transformation-Pipeline/data-cleaning-and-transformation-pipeline/src/main/scala/DataCleaning.scala. Using presentation compiler with project's scala-library version: 3.3.5[0m
2025.04.01 03:17:19 INFO  no build target found for /home/kampfer/Desktop/Data-Cleaning-and-Transformation-Pipeline/data-cleaning-and-transformation-pipeline/src/main/scala/DataCleaning.scala. Using presentation compiler with project's scala-library version: 3.3.5[0m
Apr 01, 2025 3:17:19 AM scala.meta.internal.metals.StdReporter $anonfun$create$1
WARNING: empty definition using pc, found symbol in pc: `<none>`. (full report at: /home/kampfer/Desktop/Data-Cleaning-and-Transformation-Pipeline/data-cleaning-and-transformation-pipeline/.metals/.reports/metals-full/2025-04-01/r_empty-definition_01-48-52-486.md)
2025.04.01 03:17:27 INFO  no build target found for /home/kampfer/Desktop/Data-Cleaning-and-Transformation-Pipeline/data-cleaning-and-transformation-pipeline/src/main/scala/DataCleaning.scala. Using presentation compiler with project's scala-library version: 3.3.5[0m
2025.04.01 03:18:10 WARN  no build target for: /home/kampfer/Desktop/Data-Cleaning-and-Transformation-Pipeline/data-cleaning-and-transformation-pipeline/src/main/scala/DataCleaning.scala[0m
2025.04.01 03:18:10 INFO  no build target found for /home/kampfer/Desktop/Data-Cleaning-and-Transformation-Pipeline/data-cleaning-and-transformation-pipeline/src/main/scala/DataCleaning.scala. Using presentation compiler with project's scala-library version: 3.3.5[0m
2025.04.01 03:18:10 INFO  no build target found for /home/kampfer/Desktop/Data-Cleaning-and-Transformation-Pipeline/data-cleaning-and-transformation-pipeline/src/main/scala/DataCleaning.scala. Using presentation compiler with project's scala-library version: 3.3.5[0m
2025.04.01 03:18:10 INFO  no build target found for /home/kampfer/Desktop/Data-Cleaning-and-Transformation-Pipeline/data-cleaning-and-transformation-pipeline/src/main/scala/DataCleaning.scala. Using presentation compiler with project's scala-library version: 3.3.5[0m
2025.04.01 03:18:10 INFO  no build target found for /home/kampfer/Desktop/Data-Cleaning-and-Transformation-Pipeline/data-cleaning-and-transformation-pipeline/src/main/scala/DataCleaning.scala. Using presentation compiler with project's scala-library version: 3.3.5[0m
2025.04.01 03:18:10 INFO  no build target found for /home/kampfer/Desktop/Data-Cleaning-and-Transformation-Pipeline/data-cleaning-and-transformation-pipeline/src/main/scala/DataCleaning.scala. Using presentation compiler with project's scala-library version: 3.3.5[0m
Apr 01, 2025 3:18:11 AM scala.meta.internal.metals.StdReporter $anonfun$create$1
WARNING: empty definition using pc, found symbol in pc: `<none>`. (full report at: /home/kampfer/Desktop/Data-Cleaning-and-Transformation-Pipeline/data-cleaning-and-transformation-pipeline/.metals/.reports/metals-full/2025-04-01/r_empty-definition_01-48-52-486.md)
2025.04.01 03:18:10 INFO  no build target found for /home/kampfer/Desktop/Data-Cleaning-and-Transformation-Pipeline/data-cleaning-and-transformation-pipeline/src/main/scala/DataCleaning.scala. Using presentation compiler with project's scala-library version: 3.3.5[0m
2025.04.01 03:18:28 WARN  no build target for: /home/kampfer/Desktop/Data-Cleaning-and-Transformation-Pipeline/data-cleaning-and-transformation-pipeline/src/main/scala/DataCleaning.scala[0m
2025.04.01 03:18:28 INFO  no build target found for /home/kampfer/Desktop/Data-Cleaning-and-Transformation-Pipeline/data-cleaning-and-transformation-pipeline/src/main/scala/DataCleaning.scala. Using presentation compiler with project's scala-library version: 3.3.5[0m
2025.04.01 03:18:28 INFO  no build target found for /home/kampfer/Desktop/Data-Cleaning-and-Transformation-Pipeline/data-cleaning-and-transformation-pipeline/src/main/scala/DataCleaning.scala. Using presentation compiler with project's scala-library version: 3.3.5[0m
2025.04.01 03:18:28 INFO  no build target found for /home/kampfer/Desktop/Data-Cleaning-and-Transformation-Pipeline/data-cleaning-and-transformation-pipeline/src/main/scala/DataCleaning.scala. Using presentation compiler with project's scala-library version: 3.3.5[0m
2025.04.01 03:18:28 INFO  no build target found for /home/kampfer/Desktop/Data-Cleaning-and-Transformation-Pipeline/data-cleaning-and-transformation-pipeline/src/main/scala/DataCleaning.scala. Using presentation compiler with project's scala-library version: 3.3.5[0m
2025.04.01 03:18:28 INFO  no build target found for /home/kampfer/Desktop/Data-Cleaning-and-Transformation-Pipeline/data-cleaning-and-transformation-pipeline/src/main/scala/DataCleaning.scala. Using presentation compiler with project's scala-library version: 3.3.5[0m
2025.04.01 03:18:28 INFO  no build target found for /home/kampfer/Desktop/Data-Cleaning-and-Transformation-Pipeline/data-cleaning-and-transformation-pipeline/src/main/scala/DataCleaning.scala. Using presentation compiler with project's scala-library version: 3.3.5[0m
2025.04.01 03:18:30 INFO  no build target found for /home/kampfer/Desktop/Data-Cleaning-and-Transformation-Pipeline/data-cleaning-and-transformation-pipeline/src/main/scala/DataCleaning.scala. Using presentation compiler with project's scala-library version: 3.3.5[0m
2025.04.01 03:18:41 INFO  no build target found for /home/kampfer/Desktop/Data-Cleaning-and-Transformation-Pipeline/data-cleaning-and-transformation-pipeline/src/main/scala/DataCleaning.scala. Using presentation compiler with project's scala-library version: 3.3.5[0m
Apr 01, 2025 3:19:04 AM org.eclipse.lsp4j.jsonrpc.services.GenericEndpoint notify
INFO: Unsupported notification method: $/setTrace
Apr 01, 2025 3:22:45 AM org.eclipse.lsp4j.jsonrpc.services.GenericEndpoint notify
INFO: Unsupported notification method: $/setTrace
